# JRE version: Java(TM) SE Runtime Environment (8.0_111-b14) (build 1.8.0_111-b14)
# Java VM: Java HotSpot(TM) 64-Bit Server VM (25.111-b14 mixed mode windows-amd64 compressed oops)
Heap:
 PSYoungGen      total 84992K, used 65853K [0x00000000f5580000, 0x00000000fd080000, 0x0000000100000000)
  eden space 60928K, 68% used [0x00000000f5580000,0x00000000f7e6b638,0x00000000f9100000)
  from space 24064K, 99% used [0x00000000fae00000,0x00000000fc5640b0,0x00000000fc580000)
  to   space 29696K, 0% used [0x00000000f9100000,0x00000000f9100000,0x00000000fae00000)
 ParOldGen       total 87552K, used 29468K [0x00000000e0000000, 0x00000000e5580000, 0x00000000f5580000)
  object space 87552K, 33% used [0x00000000e0000000,0x00000000e1cc7380,0x00000000e5580000)
 Metaspace       used 13268K, capacity 13638K, committed 13824K, reserved 1062912K
  class space    used 1629K, capacity 1751K, committed 1792K, reserved 1048576K
GC Heap History (10 events):
Event: 19.466 GC heap before
{Heap before GC invocations=2 (full 0):
 PSYoungGen      total 38400K, used 36624K [0x00000000f5580000, 0x00000000f8000000, 0x0000000100000000)
  eden space 33280K, 100% used [0x00000000f5580000,0x00000000f7600000,0x00000000f7600000)
  from space 5120K, 65% used [0x00000000f7600000,0x00000000f79442a8,0x00000000f7b00000)
  to   space 5120K, 0% used [0x00000000f7b00000,0x00000000f7b00000,0x00000000f8000000)
 ParOldGen       total 87552K, used 8K [0x00000000e0000000, 0x00000000e5580000, 0x00000000f5580000)
  object space 87552K, 0% used [0x00000000e0000000,0x00000000e0002000,0x00000000e5580000)
 Metaspace       used 9698K, capacity 9858K, committed 10112K, reserved 1058816K
  class space    used 1234K, capacity 1305K, committed 1408K, reserved 1048576K
Event: 19.470 GC heap after
Heap after GC invocations=2 (full 0):
 PSYoungGen      total 38400K, used 4192K [0x00000000f5580000, 0x00000000f8000000, 0x0000000100000000)
  eden space 33280K, 0% used [0x00000000f5580000,0x00000000f5580000,0x00000000f7600000)
  from space 5120K, 81% used [0x00000000f7b00000,0x00000000f7f18248,0x00000000f8000000)
  to   space 5120K, 0% used [0x00000000f7600000,0x00000000f7600000,0x00000000f7b00000)
 ParOldGen       total 87552K, used 80K [0x00000000e0000000, 0x00000000e5580000, 0x00000000f5580000)
  object space 87552K, 0% used [0x00000000e0000000,0x00000000e0014010,0x00000000e5580000)
 Metaspace       used 9698K, capacity 9858K, committed 10112K, reserved 1058816K
  class space    used 1234K, capacity 1305K, committed 1408K, reserved 1048576K
}
Event: 21.502 GC heap before
{Heap before GC invocations=3 (full 0):
 PSYoungGen      total 38400K, used 37472K [0x00000000f5580000, 0x00000000f8000000, 0x0000000100000000)
  eden space 33280K, 100% used [0x00000000f5580000,0x00000000f7600000,0x00000000f7600000)
  from space 5120K, 81% used [0x00000000f7b00000,0x00000000f7f18248,0x00000000f8000000)
  to   space 5120K, 0% used [0x00000000f7600000,0x00000000f7600000,0x00000000f7b00000)
 ParOldGen       total 87552K, used 80K [0x00000000e0000000, 0x00000000e5580000, 0x00000000f5580000)
  object space 87552K, 0% used [0x00000000e0000000,0x00000000e0014010,0x00000000e5580000)
 Metaspace       used 10948K, capacity 11168K, committed 11520K, reserved 1058816K
  class space    used 1352K, capacity 1422K, committed 1536K, reserved 1048576K
Event: 21.510 GC heap after
Heap after GC invocations=3 (full 0):
 PSYoungGen      total 38400K, used 4055K [0x00000000f5580000, 0x00000000f8000000, 0x0000000100000000)
  eden space 33280K, 0% used [0x00000000f5580000,0x00000000f5580000,0x00000000f7600000)
  from space 5120K, 79% used [0x00000000f7600000,0x00000000f79f5fc8,0x00000000f7b00000)
  to   space 5120K, 0% used [0x00000000f7b00000,0x00000000f7b00000,0x00000000f8000000)
 ParOldGen       total 87552K, used 88K [0x00000000e0000000, 0x00000000e5580000, 0x00000000f5580000)
  object space 87552K, 0% used [0x00000000e0000000,0x00000000e0016010,0x00000000e5580000)
 Metaspace       used 10948K, capacity 11168K, committed 11520K, reserved 1058816K
  class space    used 1352K, capacity 1422K, committed 1536K, reserved 1048576K
}
Event: 22.249 GC heap before
{Heap before GC invocations=4 (full 0):
 PSYoungGen      total 38400K, used 37335K [0x00000000f5580000, 0x00000000f8000000, 0x0000000100000000)
  eden space 33280K, 100% used [0x00000000f5580000,0x00000000f7600000,0x00000000f7600000)
  from space 5120K, 79% used [0x00000000f7600000,0x00000000f79f5fc8,0x00000000f7b00000)
  to   space 5120K, 0% used [0x00000000f7b00000,0x00000000f7b00000,0x00000000f8000000)
 ParOldGen       total 87552K, used 88K [0x00000000e0000000, 0x00000000e5580000, 0x00000000f5580000)
  object space 87552K, 0% used [0x00000000e0000000,0x00000000e0016010,0x00000000e5580000)
 Metaspace       used 11309K, capacity 11584K, committed 11776K, reserved 1058816K
  class space    used 1397K, capacity 1454K, committed 1536K, reserved 1048576K
Event: 22.261 GC heap after
Heap after GC invocations=4 (full 0):
 PSYoungGen      total 38400K, used 5088K [0x00000000f5580000, 0x00000000f8000000, 0x0000000100000000)
  eden space 33280K, 0% used [0x00000000f5580000,0x00000000f5580000,0x00000000f7600000)
  from space 5120K, 99% used [0x00000000f7b00000,0x00000000f7ff8040,0x00000000f8000000)
  to   space 5120K, 0% used [0x00000000f7600000,0x00000000f7600000,0x00000000f7b00000)
 ParOldGen       total 87552K, used 11621K [0x00000000e0000000, 0x00000000e5580000, 0x00000000f5580000)
  object space 87552K, 13% used [0x00000000e0000000,0x00000000e0b595d0,0x00000000e5580000)
 Metaspace       used 11309K, capacity 11584K, committed 11776K, reserved 1058816K
  class space    used 1397K, capacity 1454K, committed 1536K, reserved 1048576K
}
Event: 22.339 GC heap before
{Heap before GC invocations=5 (full 0):
 PSYoungGen      total 38400K, used 38368K [0x00000000f5580000, 0x00000000f8000000, 0x0000000100000000)
  eden space 33280K, 100% used [0x00000000f5580000,0x00000000f7600000,0x00000000f7600000)
  from space 5120K, 99% used [0x00000000f7b00000,0x00000000f7ff8040,0x00000000f8000000)
  to   space 5120K, 0% used [0x00000000f7600000,0x00000000f7600000,0x00000000f7b00000)
 ParOldGen       total 87552K, used 11621K [0x00000000e0000000, 0x00000000e5580000, 0x00000000f5580000)
  object space 87552K, 13% used [0x00000000e0000000,0x00000000e0b595d0,0x00000000e5580000)
 Metaspace       used 11343K, capacity 11584K, committed 11776K, reserved 1058816K
  class space    used 1401K, capacity 1454K, committed 1536K, reserved 1048576K
Event: 22.358 GC heap after
Heap after GC invocations=5 (full 0):
 PSYoungGen      total 38400K, used 5088K [0x00000000f5580000, 0x00000000fc580000, 0x0000000100000000)
  eden space 33280K, 0% used [0x00000000f5580000,0x00000000f5580000,0x00000000f7600000)
  from space 5120K, 99% used [0x00000000f7600000,0x00000000f7af8050,0x00000000f7b00000)
  to   space 24064K, 0% used [0x00000000fae00000,0x00000000fae00000,0x00000000fc580000)
 ParOldGen       total 87552K, used 29468K [0x00000000e0000000, 0x00000000e5580000, 0x00000000f5580000)
  object space 87552K, 33% used [0x00000000e0000000,0x00000000e1cc7380,0x00000000e5580000)
 Metaspace       used 11343K, capacity 11584K, committed 11776K, reserved 1058816K
  class space    used 1401K, capacity 1454K, committed 1536K, reserved 1048576K
}
Event: 22.409 GC heap before
{Heap before GC invocations=6 (full 0):
 PSYoungGen      total 38400K, used 38368K [0x00000000f5580000, 0x00000000fc580000, 0x0000000100000000)
  eden space 33280K, 100% used [0x00000000f5580000,0x00000000f7600000,0x00000000f7600000)
  from space 5120K, 99% used [0x00000000f7600000,0x00000000f7af8050,0x00000000f7b00000)
  to   space 24064K, 0% used [0x00000000fae00000,0x00000000fae00000,0x00000000fc580000)
 ParOldGen       total 87552K, used 29468K [0x00000000e0000000, 0x00000000e5580000, 0x00000000f5580000)
  object space 87552K, 33% used [0x00000000e0000000,0x00000000e1cc7380,0x00000000e5580000)
 Metaspace       used 11393K, capacity 11584K, committed 11776K, reserved 1058816K
  class space    used 1407K, capacity 1454K, committed 1536K, reserved 1048576K
Event: 22.428 GC heap after
Heap after GC invocations=6 (full 0):
 PSYoungGen      total 84992K, used 23952K [0x00000000f5580000, 0x00000000fd080000, 0x0000000100000000)
  eden space 60928K, 0% used [0x00000000f5580000,0x00000000f5580000,0x00000000f9100000)
  from space 24064K, 99% used [0x00000000fae00000,0x00000000fc5640b0,0x00000000fc580000)
  to   space 29696K, 0% used [0x00000000f9100000,0x00000000f9100000,0x00000000fae00000)
 ParOldGen       total 87552K, used 29468K [0x00000000e0000000, 0x00000000e5580000, 0x00000000f5580000)
  object space 87552K, 33% used [0x00000000e0000000,0x00000000e1cc7380,0x00000000e5580000)
 Metaspace       used 11393K, capacity 11584K, committed 11776K, reserved 1058816K
  class space    used 1407K, capacity 1454K, committed 1536K, reserved 1048576K
}

