# JRE version: Java(TM) SE Runtime Environment (8.0_111-b14) (build 1.8.0_111-b14)
# Java VM: Java HotSpot(TM) 64-Bit Server VM (25.111-b14 mixed mode windows-amd64 compressed oops)
Heap:
 PSYoungGen      total 92672K, used 68289K [0x0000000795d80000, 0x000000079d800000, 0x00000007c0000000)
  eden space 82432K, 70% used [0x0000000795d80000,0x0000000799684990,0x000000079ae00000)
  from space 10240K, 96% used [0x000000079ae00000,0x000000079b7abb88,0x000000079b800000)
  to   space 10752K, 0% used [0x000000079b800000,0x000000079b800000,0x000000079c280000)
 ParOldGen       total 60928K, used 10744K [0x0000000741800000, 0x0000000745380000, 0x0000000795d80000)
  object space 60928K, 17% used [0x0000000741800000,0x000000074227e140,0x0000000745380000)
 Metaspace       used 26617K, capacity 26988K, committed 27264K, reserved 1073152K
  class space    used 3339K, capacity 3432K, committed 3456K, reserved 1048576K
GC Heap History (10 events):
Event: 2.490 GC heap before
{Heap before GC invocations=6 (full 1):
 PSYoungGen      total 38400K, used 5088K [0x0000000795d80000, 0x000000079b280000, 0x00000007c0000000)
  eden space 33280K, 0% used [0x0000000795d80000,0x0000000795d80000,0x0000000797e00000)
  from space 5120K, 99% used [0x0000000797e00000,0x00000007982f83a0,0x0000000798300000)
  to   space 10240K, 0% used [0x000000079a880000,0x000000079a880000,0x000000079b280000)
 ParOldGen       total 87552K, used 8095K [0x0000000741800000, 0x0000000746d80000, 0x0000000795d80000)
  object space 87552K, 9% used [0x0000000741800000,0x0000000741fe7c60,0x0000000746d80000)
 Metaspace       used 21000K, capacity 21180K, committed 21296K, reserved 1069056K
  class space    used 2587K, capacity 2662K, committed 2688K, reserved 1048576K
Event: 2.518 GC heap after
Heap after GC invocations=6 (full 1):
 PSYoungGen      total 38400K, used 0K [0x0000000795d80000, 0x000000079b280000, 0x00000007c0000000)
  eden space 33280K, 0% used [0x0000000795d80000,0x0000000795d80000,0x0000000797e00000)
  from space 5120K, 0% used [0x0000000797e00000,0x0000000797e00000,0x0000000798300000)
  to   space 10240K, 0% used [0x000000079a880000,0x000000079a880000,0x000000079b280000)
 ParOldGen       total 60928K, used 9701K [0x0000000741800000, 0x0000000745380000, 0x0000000795d80000)
  object space 60928K, 15% used [0x0000000741800000,0x00000007421796b8,0x0000000745380000)
 Metaspace       used 21000K, capacity 21180K, committed 21296K, reserved 1069056K
  class space    used 2587K, capacity 2662K, committed 2688K, reserved 1048576K
}
Event: 4.629 GC heap before
{Heap before GC invocations=7 (full 1):
 PSYoungGen      total 38400K, used 33280K [0x0000000795d80000, 0x000000079b280000, 0x00000007c0000000)
  eden space 33280K, 100% used [0x0000000795d80000,0x0000000797e00000,0x0000000797e00000)
  from space 5120K, 0% used [0x0000000797e00000,0x0000000797e00000,0x0000000798300000)
  to   space 10240K, 0% used [0x000000079a880000,0x000000079a880000,0x000000079b280000)
 ParOldGen       total 60928K, used 9701K [0x0000000741800000, 0x0000000745380000, 0x0000000795d80000)
  object space 60928K, 15% used [0x0000000741800000,0x00000007421796b8,0x0000000745380000)
 Metaspace       used 23513K, capacity 23786K, committed 24064K, reserved 1071104K
  class space    used 2874K, capacity 2973K, committed 3072K, reserved 1048576K
Event: 4.640 GC heap after
Heap after GC invocations=7 (full 1):
 PSYoungGen      total 54784K, used 2392K [0x0000000795d80000, 0x000000079ab00000, 0x00000007c0000000)
  eden space 52224K, 0% used [0x0000000795d80000,0x0000000795d80000,0x0000000799080000)
  from space 2560K, 93% used [0x000000079a880000,0x000000079aad62b8,0x000000079ab00000)
  to   space 10752K, 0% used [0x0000000799600000,0x0000000799600000,0x000000079a080000)
 ParOldGen       total 60928K, used 9709K [0x0000000741800000, 0x0000000745380000, 0x0000000795d80000)
  object space 60928K, 15% used [0x0000000741800000,0x000000074217b6b8,0x0000000745380000)
 Metaspace       used 23513K, capacity 23786K, committed 24064K, reserved 1071104K
  class space    used 2874K, capacity 2973K, committed 3072K, reserved 1048576K
}
Event: 4.791 GC heap before
{Heap before GC invocations=8 (full 1):
 PSYoungGen      total 54784K, used 54616K [0x0000000795d80000, 0x000000079ab00000, 0x00000007c0000000)
  eden space 52224K, 100% used [0x0000000795d80000,0x0000000799080000,0x0000000799080000)
  from space 2560K, 93% used [0x000000079a880000,0x000000079aad62b8,0x000000079ab00000)
  to   space 10752K, 0% used [0x0000000799600000,0x0000000799600000,0x000000079a080000)
 ParOldGen       total 60928K, used 9709K [0x0000000741800000, 0x0000000745380000, 0x0000000795d80000)
  object space 60928K, 15% used [0x0000000741800000,0x000000074217b6b8,0x0000000745380000)
 Metaspace       used 23806K, capacity 24086K, committed 24320K, reserved 1071104K
  class space    used 2911K, capacity 3007K, committed 3072K, reserved 1048576K
Event: 4.794 GC heap after
Heap after GC invocations=8 (full 1):
 PSYoungGen      total 68608K, used 2720K [0x0000000795d80000, 0x000000079c280000, 0x00000007c0000000)
  eden space 57856K, 0% used [0x0000000795d80000,0x0000000795d80000,0x0000000799600000)
  from space 10752K, 25% used [0x0000000799600000,0x00000007998a8000,0x000000079a080000)
  to   space 10752K, 0% used [0x000000079b800000,0x000000079b800000,0x000000079c280000)
 ParOldGen       total 60928K, used 9717K [0x0000000741800000, 0x0000000745380000, 0x0000000795d80000)
  object space 60928K, 15% used [0x0000000741800000,0x000000074217d6b8,0x0000000745380000)
 Metaspace       used 23806K, capacity 24086K, committed 24320K, reserved 1071104K
  class space    used 2911K, capacity 3007K, committed 3072K, reserved 1048576K
}
Event: 5.011 GC heap before
{Heap before GC invocations=9 (full 1):
 PSYoungGen      total 68608K, used 60576K [0x0000000795d80000, 0x000000079c280000, 0x00000007c0000000)
  eden space 57856K, 100% used [0x0000000795d80000,0x0000000799600000,0x0000000799600000)
  from space 10752K, 25% used [0x0000000799600000,0x00000007998a8000,0x000000079a080000)
  to   space 10752K, 0% used [0x000000079b800000,0x000000079b800000,0x000000079c280000)
 ParOldGen       total 60928K, used 9717K [0x0000000741800000, 0x0000000745380000, 0x0000000795d80000)
  object space 60928K, 15% used [0x0000000741800000,0x000000074217d6b8,0x0000000745380000)
 Metaspace       used 24785K, capacity 25160K, committed 25472K, reserved 1071104K
  class space    used 3069K, capacity 3170K, committed 3200K, reserved 1048576K
Event: 5.049 GC heap after
Heap after GC invocations=9 (full 1):
 PSYoungGen      total 93184K, used 3800K [0x0000000795d80000, 0x000000079d800000, 0x00000007c0000000)
  eden space 82432K, 0% used [0x0000000795d80000,0x0000000795d80000,0x000000079ae00000)
  from space 10752K, 35% used [0x000000079b800000,0x000000079bbb6380,0x000000079c280000)
  to   space 10240K, 0% used [0x000000079ae00000,0x000000079ae00000,0x000000079b800000)
 ParOldGen       total 60928K, used 9725K [0x0000000741800000, 0x0000000745380000, 0x0000000795d80000)
  object space 60928K, 15% used [0x0000000741800000,0x000000074217f6b8,0x0000000745380000)
 Metaspace       used 24785K, capacity 25160K, committed 25472K, reserved 1071104K
  class space    used 3069K, capacity 3170K, committed 3200K, reserved 1048576K
}
Event: 5.430 GC heap before
{Heap before GC invocations=10 (full 1):
 PSYoungGen      total 93184K, used 86232K [0x0000000795d80000, 0x000000079d800000, 0x00000007c0000000)
  eden space 82432K, 100% used [0x0000000795d80000,0x000000079ae00000,0x000000079ae00000)
  from space 10752K, 35% used [0x000000079b800000,0x000000079bbb6380,0x000000079c280000)
  to   space 10240K, 0% used [0x000000079ae00000,0x000000079ae00000,0x000000079b800000)
 ParOldGen       total 60928K, used 9725K [0x0000000741800000, 0x0000000745380000, 0x0000000795d80000)
  object space 60928K, 15% used [0x0000000741800000,0x000000074217f6b8,0x0000000745380000)
 Metaspace       used 25164K, capacity 25486K, committed 25856K, reserved 1071104K
  class space    used 3129K, capacity 3235K, committed 3328K, reserved 1048576K
Event: 5.441 GC heap after
Heap after GC invocations=10 (full 1):
 PSYoungGen      total 92672K, used 9902K [0x0000000795d80000, 0x000000079d800000, 0x00000007c0000000)
  eden space 82432K, 0% used [0x0000000795d80000,0x0000000795d80000,0x000000079ae00000)
  from space 10240K, 96% used [0x000000079ae00000,0x000000079b7abb88,0x000000079b800000)
  to   space 10752K, 0% used [0x000000079b800000,0x000000079b800000,0x000000079c280000)
 ParOldGen       total 60928K, used 10744K [0x0000000741800000, 0x0000000745380000, 0x0000000795d80000)
  object space 60928K, 17% used [0x0000000741800000,0x000000074227e140,0x0000000745380000)
 Metaspace       used 25164K, capacity 25486K, committed 25856K, reserved 1071104K
  class space    used 3129K, capacity 3235K, committed 3328K, reserved 1048576K
}

