# JRE version: Java(TM) SE Runtime Environment (8.0_111-b14) (build 1.8.0_111-b14)
# Java VM: Java HotSpot(TM) 64-Bit Server VM (25.111-b14 mixed mode windows-amd64 compressed oops)
Heap:
 PSYoungGen      total 388608K, used 250020K [0x00000000d5d80000, 0x00000000eef00000, 0x0000000100000000)
  eden space 371200K, 67% used [0x00000000d5d80000,0x00000000e51a9080,0x00000000ec800000)
  from space 17408K, 0% used [0x00000000ed980000,0x00000000ed980000,0x00000000eea80000)
  to   space 17920K, 0% used [0x00000000ec800000,0x00000000ec800000,0x00000000ed980000)
 ParOldGen       total 80896K, used 20169K [0x0000000081800000, 0x0000000086700000, 0x00000000d5d80000)
  object space 80896K, 24% used [0x0000000081800000,0x0000000082bb27f0,0x0000000086700000)
 Metaspace       used 52322K, capacity 53026K, committed 53376K, reserved 1095680K
  class space    used 6770K, capacity 6953K, committed 7040K, reserved 1048576K
GC Heap History (10 events):
Event: 26.550 GC heap before
{Heap before GC invocations=6 (full 1):
 PSYoungGen      total 138240K, used 133120K [0x00000000d5d80000, 0x00000000de980000, 0x0000000100000000)
  eden space 133120K, 100% used [0x00000000d5d80000,0x00000000ddf80000,0x00000000ddf80000)
  from space 5120K, 0% used [0x00000000de480000,0x00000000de480000,0x00000000de980000)
  to   space 5120K, 0% used [0x00000000ddf80000,0x00000000ddf80000,0x00000000de480000)
 ParOldGen       total 57344K, used 10139K [0x0000000081800000, 0x0000000085000000, 0x00000000d5d80000)
  object space 57344K, 17% used [0x0000000081800000,0x00000000821e6cc8,0x0000000085000000)
 Metaspace       used 24489K, capacity 24836K, committed 24960K, reserved 1071104K
  class space    used 3063K, capacity 3170K, committed 3200K, reserved 1048576K
Event: 26.557 GC heap after
Heap after GC invocations=6 (full 1):
 PSYoungGen      total 138240K, used 5096K [0x00000000d5d80000, 0x00000000e5500000, 0x0000000100000000)
  eden space 133120K, 0% used [0x00000000d5d80000,0x00000000d5d80000,0x00000000ddf80000)
  from space 5120K, 99% used [0x00000000ddf80000,0x00000000de47a3c0,0x00000000de480000)
  to   space 11776K, 0% used [0x00000000e4980000,0x00000000e4980000,0x00000000e5500000)
 ParOldGen       total 57344K, used 10452K [0x0000000081800000, 0x0000000085000000, 0x00000000d5d80000)
  object space 57344K, 18% used [0x0000000081800000,0x00000000822350d8,0x0000000085000000)
 Metaspace       used 24489K, capacity 24836K, committed 24960K, reserved 1071104K
  class space    used 3063K, capacity 3170K, committed 3200K, reserved 1048576K
}
Event: 28.743 GC heap before
{Heap before GC invocations=7 (full 1):
 PSYoungGen      total 138240K, used 138216K [0x00000000d5d80000, 0x00000000e5500000, 0x0000000100000000)
  eden space 133120K, 100% used [0x00000000d5d80000,0x00000000ddf80000,0x00000000ddf80000)
  from space 5120K, 99% used [0x00000000ddf80000,0x00000000de47a3c0,0x00000000de480000)
  to   space 11776K, 0% used [0x00000000e4980000,0x00000000e4980000,0x00000000e5500000)
 ParOldGen       total 57344K, used 10452K [0x0000000081800000, 0x0000000085000000, 0x00000000d5d80000)
  object space 57344K, 18% used [0x0000000081800000,0x00000000822350d8,0x0000000085000000)
 Metaspace       used 26154K, capacity 26498K, committed 26752K, reserved 1073152K
  class space    used 3316K, capacity 3399K, committed 3456K, reserved 1048576K
Event: 28.752 GC heap after
Heap after GC invocations=7 (full 1):
 PSYoungGen      total 237056K, used 11773K [0x00000000d5d80000, 0x00000000e5500000, 0x0000000100000000)
  eden space 225280K, 0% used [0x00000000d5d80000,0x00000000d5d80000,0x00000000e3980000)
  from space 11776K, 99% used [0x00000000e4980000,0x00000000e54ff788,0x00000000e5500000)
  to   space 13824K, 0% used [0x00000000e3a00000,0x00000000e3a00000,0x00000000e4780000)
 ParOldGen       total 57344K, used 10744K [0x0000000081800000, 0x0000000085000000, 0x00000000d5d80000)
  object space 57344K, 18% used [0x0000000081800000,0x000000008227e3d0,0x0000000085000000)
 Metaspace       used 26154K, capacity 26498K, committed 26752K, reserved 1073152K
  class space    used 3316K, capacity 3399K, committed 3456K, reserved 1048576K
}
Event: 37.106 GC heap before
{Heap before GC invocations=8 (full 1):
 PSYoungGen      total 237056K, used 237053K [0x00000000d5d80000, 0x00000000e5500000, 0x0000000100000000)
  eden space 225280K, 100% used [0x00000000d5d80000,0x00000000e3980000,0x00000000e3980000)
  from space 11776K, 99% used [0x00000000e4980000,0x00000000e54ff788,0x00000000e5500000)
  to   space 13824K, 0% used [0x00000000e3a00000,0x00000000e3a00000,0x00000000e4780000)
 ParOldGen       total 57344K, used 10744K [0x0000000081800000, 0x0000000085000000, 0x00000000d5d80000)
  object space 57344K, 18% used [0x0000000081800000,0x000000008227e3d0,0x0000000085000000)
 Metaspace       used 33594K, capacity 34024K, committed 34176K, reserved 1079296K
  class space    used 4274K, capacity 4412K, committed 4480K, reserved 1048576K
Event: 37.127 GC heap after
Heap after GC invocations=8 (full 1):
 PSYoungGen      total 239616K, used 13811K [0x00000000d5d80000, 0x00000000eea80000, 0x0000000100000000)
  eden space 225792K, 0% used [0x00000000d5d80000,0x00000000d5d80000,0x00000000e3a00000)
  from space 13824K, 99% used [0x00000000e3a00000,0x00000000e477cf70,0x00000000e4780000)
  to   space 17408K, 0% used [0x00000000ed980000,0x00000000ed980000,0x00000000eea80000)
 ParOldGen       total 57344K, used 13175K [0x0000000081800000, 0x0000000085000000, 0x00000000d5d80000)
  object space 57344K, 22% used [0x0000000081800000,0x00000000824ddf30,0x0000000085000000)
 Metaspace       used 33594K, capacity 34024K, committed 34176K, reserved 1079296K
  class space    used 4274K, capacity 4412K, committed 4480K, reserved 1048576K
}
Event: 38.124 GC heap before
{Heap before GC invocations=9 (full 1):
 PSYoungGen      total 239616K, used 87147K [0x00000000d5d80000, 0x00000000eea80000, 0x0000000100000000)
  eden space 225792K, 32% used [0x00000000d5d80000,0x00000000da51de10,0x00000000e3a00000)
  from space 13824K, 99% used [0x00000000e3a00000,0x00000000e477cf70,0x00000000e4780000)
  to   space 17408K, 0% used [0x00000000ed980000,0x00000000ed980000,0x00000000eea80000)
 ParOldGen       total 57344K, used 13175K [0x0000000081800000, 0x0000000085000000, 0x00000000d5d80000)
  object space 57344K, 22% used [0x0000000081800000,0x00000000824ddf30,0x0000000085000000)
 Metaspace       used 34817K, capacity 35246K, committed 35496K, reserved 1081344K
  class space    used 4436K, capacity 4541K, committed 4608K, reserved 1048576K
Event: 38.133 GC heap after
Heap after GC invocations=9 (full 1):
 PSYoungGen      total 388608K, used 12183K [0x00000000d5d80000, 0x00000000eef00000, 0x0000000100000000)
  eden space 371200K, 0% used [0x00000000d5d80000,0x00000000d5d80000,0x00000000ec800000)
  from space 17408K, 69% used [0x00000000ed980000,0x00000000ee565d08,0x00000000eea80000)
  to   space 17920K, 0% used [0x00000000ec800000,0x00000000ec800000,0x00000000ed980000)
 ParOldGen       total 57344K, used 13183K [0x0000000081800000, 0x0000000085000000, 0x00000000d5d80000)
  object space 57344K, 22% used [0x0000000081800000,0x00000000824dff30,0x0000000085000000)
 Metaspace       used 34817K, capacity 35246K, committed 35496K, reserved 1081344K
  class space    used 4436K, capacity 4541K, committed 4608K, reserved 1048576K
}
Event: 38.133 GC heap before
{Heap before GC invocations=10 (full 2):
 PSYoungGen      total 388608K, used 12183K [0x00000000d5d80000, 0x00000000eef00000, 0x0000000100000000)
  eden space 371200K, 0% used [0x00000000d5d80000,0x00000000d5d80000,0x00000000ec800000)
  from space 17408K, 69% used [0x00000000ed980000,0x00000000ee565d08,0x00000000eea80000)
  to   space 17920K, 0% used [0x00000000ec800000,0x00000000ec800000,0x00000000ed980000)
 ParOldGen       total 57344K, used 13183K [0x0000000081800000, 0x0000000085000000, 0x00000000d5d80000)
  object space 57344K, 22% used [0x0000000081800000,0x00000000824dff30,0x0000000085000000)
 Metaspace       used 34817K, capacity 35246K, committed 35496K, reserved 1081344K
  class space    used 4436K, capacity 4541K, committed 4608K, reserved 1048576K
Event: 38.205 GC heap after
Heap after GC invocations=10 (full 2):
 PSYoungGen      total 388608K, used 0K [0x00000000d5d80000, 0x00000000eef00000, 0x0000000100000000)
  eden space 371200K, 0% used [0x00000000d5d80000,0x00000000d5d80000,0x00000000ec800000)
  from space 17408K, 0% used [0x00000000ed980000,0x00000000ed980000,0x00000000eea80000)
  to   space 17920K, 0% used [0x00000000ec800000,0x00000000ec800000,0x00000000ed980000)
 ParOldGen       total 80896K, used 20169K [0x0000000081800000, 0x0000000086700000, 0x00000000d5d80000)
  object space 80896K, 24% used [0x0000000081800000,0x0000000082bb27f0,0x0000000086700000)
 Metaspace       used 34817K, capacity 35246K, committed 35496K, reserved 1081344K
  class space    used 4436K, capacity 4541K, committed 4608K, reserved 1048576K
}

